{"/Users/sumitkhandelwal/Training/Eduramp/05_Sep24_Optum/playground/frontend-javascript/utils/utils.js": {"path":"/Users/sumitkhandelwal/Training/Eduramp/05_Sep24_Optum/playground/frontend-javascript/utils/utils.js","all":false,"statementMap":{"0":{"start":{"line":1,"column":0},"end":{"line":1,"column":36}},"1":{"start":{"line":2,"column":0},"end":{"line":2,"column":32}},"2":{"start":{"line":3,"column":0},"end":{"line":3,"column":2}},"3":{"start":{"line":4,"column":0},"end":{"line":4,"column":0}},"4":{"start":{"line":5,"column":0},"end":{"line":5,"column":28}},"5":{"start":{"line":6,"column":0},"end":{"line":6,"column":20}},"6":{"start":{"line":7,"column":0},"end":{"line":7,"column":2}},"7":{"start":{"line":8,"column":0},"end":{"line":8,"column":0}},"8":{"start":{"line":9,"column":0},"end":{"line":9,"column":45}}},"s":{"0":1,"1":1,"2":1,"3":1,"4":1,"5":1,"6":1,"7":1,"8":1},"branchMap":{"0":{"type":"branch","line":1,"loc":{"start":{"line":1,"column":22},"end":{"line":3,"column":2}},"locations":[{"start":{"line":1,"column":22},"end":{"line":3,"column":2}}]},"1":{"type":"branch","line":5,"loc":{"start":{"line":5,"column":19},"end":{"line":7,"column":2}},"locations":[{"start":{"line":5,"column":19},"end":{"line":7,"column":2}}]}},"b":{"0":[1],"1":[1]},"fnMap":{"0":{"name":"getFirstName","decl":{"start":{"line":1,"column":22},"end":{"line":3,"column":2}},"loc":{"start":{"line":1,"column":22},"end":{"line":3,"column":2}},"line":1},"1":{"name":"getLength","decl":{"start":{"line":5,"column":19},"end":{"line":7,"column":2}},"loc":{"start":{"line":5,"column":19},"end":{"line":7,"column":2}},"line":5}},"f":{"0":1,"1":1}}
}
